Using pre-set license
Built from '2022.3/release' branch; Version is '2022.3.20f1 (61c2feb0970d) revision 6406910'; Using compiler version '192829333'; Build Type 'Release'
OS: 'Windows 10  (10.0.19045) 64bit ProfessionalN' Language: 'es' Physical Memory: 16334 MB
BatchMode: 1, IsHumanControllingUs: 0, StartBugReporterOnCrash: 0, Is64bit: 1, IsPro: 1

COMMAND LINE ARGUMENTS:
D:\Unity\2022.3.20f1\Editor\Unity.exe
-adb2
-batchMode
-noUpm
-name
AssetImportWorker8
-projectPath
C:/Users/peped/OneDrive/Escritorio/ByteBuilder2
-logFile
Logs/AssetImportWorker8.log
-srvPort
64789
Successfully changed project path to: C:/Users/peped/OneDrive/Escritorio/ByteBuilder2
C:/Users/peped/OneDrive/Escritorio/ByteBuilder2
[UnityMemory] Configuration Parameters - Can be set up in boot.config
    "memorysetup-bucket-allocator-granularity=16"
    "memorysetup-bucket-allocator-bucket-count=8"
    "memorysetup-bucket-allocator-block-size=33554432"
    "memorysetup-bucket-allocator-block-count=8"
    "memorysetup-main-allocator-block-size=16777216"
    "memorysetup-thread-allocator-block-size=16777216"
    "memorysetup-gfx-main-allocator-block-size=16777216"
    "memorysetup-gfx-thread-allocator-block-size=16777216"
    "memorysetup-cache-allocator-block-size=4194304"
    "memorysetup-typetree-allocator-block-size=2097152"
    "memorysetup-profiler-bucket-allocator-granularity=16"
    "memorysetup-profiler-bucket-allocator-bucket-count=8"
    "memorysetup-profiler-bucket-allocator-block-size=33554432"
    "memorysetup-profiler-bucket-allocator-block-count=8"
    "memorysetup-profiler-allocator-block-size=16777216"
    "memorysetup-profiler-editor-allocator-block-size=1048576"
    "memorysetup-temp-allocator-size-main=16777216"
    "memorysetup-job-temp-allocator-block-size=2097152"
    "memorysetup-job-temp-allocator-block-size-background=1048576"
    "memorysetup-job-temp-allocator-reduction-small-platforms=262144"
    "memorysetup-allocator-temp-initial-block-size-main=262144"
    "memorysetup-allocator-temp-initial-block-size-worker=262144"
    "memorysetup-temp-allocator-size-background-worker=32768"
    "memorysetup-temp-allocator-size-job-worker=262144"
    "memorysetup-temp-allocator-size-preload-manager=33554432"
    "memorysetup-temp-allocator-size-nav-mesh-worker=65536"
    "memorysetup-temp-allocator-size-audio-worker=65536"
    "memorysetup-temp-allocator-size-cloud-worker=32768"
    "memorysetup-temp-allocator-size-gi-baking-worker=262144"
    "memorysetup-temp-allocator-size-gfx=262144"
Player connection [22592] Host "[IP] 192.168.1.208 [Port] 0 [Flags] 2 [Guid] 356156901 [EditorId] 356156901 [Version] 1048832 [Id] WindowsEditor(7,DESKTOP-123G8PV) [Debug] 1 [PackageName] WindowsEditor [ProjectName] Editor" joined multi-casting on [225.0.0.222:54997]...

Player connection [22592] Host "[IP] 192.168.1.208 [Port] 0 [Flags] 2 [Guid] 356156901 [EditorId] 356156901 [Version] 1048832 [Id] WindowsEditor(7,DESKTOP-123G8PV) [Debug] 1 [PackageName] WindowsEditor [ProjectName] Editor" joined alternative multi-casting on [225.0.0.222:34997]...

[Physics::Module] Initialized MultithreadedJobDispatcher with 15 workers.
Refreshing native plugins compatible for Editor in 22.40 ms, found 3 plugins.
Preloading 0 native plugins for Editor in 0.00 ms.
Initialize engine version: 2022.3.20f1 (61c2feb0970d)
[Subsystems] Discovering subsystems at path D:/Unity/2022.3.20f1/Editor/Data/Resources/UnitySubsystems
[Subsystems] Discovering subsystems at path C:/Users/peped/OneDrive/Escritorio/ByteBuilder2/Assets
GfxDevice: creating device client; threaded=0; jobified=0
Direct3D:
    Version:  Direct3D 11.0 [level 11.1]
    Renderer: NVIDIA GeForce GTX 1070 Ti (ID=0x1b82)
    Vendor:   NVIDIA
    VRAM:     8059 MB
    Driver:   31.0.15.5161
Initialize mono
Mono path[0] = 'D:/Unity/2022.3.20f1/Editor/Data/Managed'
Mono path[1] = 'D:/Unity/2022.3.20f1/Editor/Data/MonoBleedingEdge/lib/mono/unityjit-win32'
Mono config path = 'D:/Unity/2022.3.20f1/Editor/Data/MonoBleedingEdge/etc'
Using monoOptions --debugger-agent=transport=dt_socket,embedding=1,server=y,suspend=n,address=127.0.0.1:56476
Begin MonoManager ReloadAssembly
Registering precompiled unity dll's ...
Register platform support module: D:/Unity/2022.3.20f1/Editor/Data/PlaybackEngines/WebGLSupport/UnityEditor.WebGL.Extensions.dll
Register platform support module: D:/Unity/2022.3.20f1/Editor/Data/PlaybackEngines/WindowsStandaloneSupport/UnityEditor.WindowsStandalone.Extensions.dll
Registered in 0.008254 seconds.
- Loaded All Assemblies, in  0.560 seconds
Native extension for WindowsStandalone target not found
Native extension for WebGL target not found
Mono: successfully reloaded assembly
- Finished resetting the current domain, in  0.401 seconds
Domain Reload Profiling: 960ms
	BeginReloadAssembly (195ms)
		ExecutionOrderSort (0ms)
		DisableScriptedObjects (0ms)
		BackupInstance (0ms)
		ReleaseScriptingObjects (0ms)
		CreateAndSetChildDomain (1ms)
	RebuildCommonClasses (55ms)
	RebuildNativeTypeToScriptingClass (14ms)
	initialDomainReloadingComplete (71ms)
	LoadAllAssembliesAndSetupDomain (224ms)
		LoadAssemblies (195ms)
		RebuildTransferFunctionScriptingTraits (0ms)
		AnalyzeDomain (220ms)
			TypeCache.Refresh (218ms)
				TypeCache.ScanAssembly (200ms)
			ScanForSourceGeneratedMonoScriptInfo (0ms)
			ResolveRequiredComponents (1ms)
	FinalizeReload (401ms)
		ReleaseScriptCaches (0ms)
		RebuildScriptCaches (0ms)
		SetupLoadedEditorAssemblies (316ms)
			LogAssemblyErrors (0ms)
			InitializePlatformSupportModulesInManaged (17ms)
			SetLoadedEditorAssemblies (8ms)
			RefreshPlugins (0ms)
			BeforeProcessingInitializeOnLoad (3ms)
			ProcessInitializeOnLoadAttributes (216ms)
			ProcessInitializeOnLoadMethodAttributes (71ms)
			AfterProcessingInitializeOnLoad (0ms)
			EditorAssembliesLoaded (0ms)
		ExecutionOrderSort2 (0ms)
		AwakeInstancesAfterBackupRestoration (0ms)
========================================================================
Worker process is ready to serve import requests
Begin MonoManager ReloadAssembly
- Loaded All Assemblies, in  0.986 seconds
Refreshing native plugins compatible for Editor in 12.52 ms, found 3 plugins.
Native extension for WindowsStandalone target not found
Native extension for WebGL target not found
Package Manager log level set to [2]
[Package Manager] Server::EnsureServerProcessIsRunning -- launch failed, reason: Unity was launched with the -noUpm command-line argument
[Package Manager] UpmClient::Send -- Unable to send message (not connected to UPM process).
[Package Manager] Cannot connect to Unity Package Manager local server
Mono: successfully reloaded assembly
- Finished resetting the current domain, in  0.852 seconds
Domain Reload Profiling: 1835ms
	BeginReloadAssembly (216ms)
		ExecutionOrderSort (0ms)
		DisableScriptedObjects (8ms)
		BackupInstance (0ms)
		ReleaseScriptingObjects (0ms)
		CreateAndSetChildDomain (27ms)
	RebuildCommonClasses (47ms)
	RebuildNativeTypeToScriptingClass (13ms)
	initialDomainReloadingComplete (56ms)
	LoadAllAssembliesAndSetupDomain (650ms)
		LoadAssemblies (496ms)
		RebuildTransferFunctionScriptingTraits (0ms)
		AnalyzeDomain (294ms)
			TypeCache.Refresh (254ms)
				TypeCache.ScanAssembly (231ms)
			ScanForSourceGeneratedMonoScriptInfo (27ms)
			ResolveRequiredComponents (11ms)
	FinalizeReload (852ms)
		ReleaseScriptCaches (0ms)
		RebuildScriptCaches (0ms)
		SetupLoadedEditorAssemblies (626ms)
			LogAssemblyErrors (0ms)
			InitializePlatformSupportModulesInManaged (7ms)
			SetLoadedEditorAssemblies (5ms)
			RefreshPlugins (0ms)
			BeforeProcessingInitializeOnLoad (88ms)
			ProcessInitializeOnLoadAttributes (431ms)
			ProcessInitializeOnLoadMethodAttributes (91ms)
			AfterProcessingInitializeOnLoad (4ms)
			EditorAssembliesLoaded (0ms)
		ExecutionOrderSort2 (0ms)
		AwakeInstancesAfterBackupRestoration (8ms)
Launched and connected shader compiler UnityShaderCompiler.exe after 0.07 seconds
Refreshing native plugins compatible for Editor in 7.98 ms, found 3 plugins.
Preloading 0 native plugins for Editor in 0.00 ms.
Unloading 4248 Unused Serialized files (Serialized files now loaded: 0)
Unloading 42 unused Assets / (318.2 KB). Loaded Objects now: 4734.
Memory consumption went from 172.1 MB to 171.7 MB.
Total: 3.492400 ms (FindLiveObjects: 0.413500 ms CreateObjectMapping: 0.117200 ms MarkObjects: 2.825100 ms  DeleteObjects: 0.135200 ms)

AssetImportParameters requested are different than current active one (requested -> active):
  custom:container-demuxer-ogg: 62fdf1f143b41e24485cea50d1cbac27 -> 
  custom:video-decoder-ogg-theora: a1e56fd34408186e4bbccfd4996cb3dc -> 
  custom:CustomObjectIndexerAttribute: 6d391050e5a25f67b0a2c618074f2cd9 -> 
  custom:container-demuxer-webm: 4f35f7cbe854078d1ac9338744f61a02 -> 
  custom:container-muxer-webm: aa71ff27fc2769a1b78a27578f13a17b -> 
  custom:video-decoder-webm-vp8: 9c59270c3fd7afecdb556c50c9e8de78 -> 
  custom:SearchIndexIgnoredProperties: e643bd26f0fe6173181afceb89e7c659 -> 
  custom:AudioImporter_EditorPlatform: d09bf68614088b80899f8185d706f6e7 -> 
  custom:video-encoder-webm-vp8: eb34c28f22e8b96e1ab97ce403110664 -> 
  custom:audio-decoder-ogg-vorbis: bf7c407c2cedff20999df2af8eb42d56 -> 
  custom:audio-encoder-webm-vorbis: bf7c407c2cedff20999df2af8eb42d56 -> 
========================================================================
Received Import Request.
  Time since last request: 610075.366964 seconds.
  path: Assets/Phoenix3D/Materials/Ground.mat
  artifactKey: Guid(bf214fef10ef3094daa8d1f0646d4edf) Importer(815301076,1909f56bfc062723c751e8b465ee728b)
Start importing Assets/Phoenix3D/Materials/Ground.mat using Guid(bf214fef10ef3094daa8d1f0646d4edf) Importer(815301076,1909f56bfc062723c751e8b465ee728b)  -> (artifact id: '241cfb4a7a61d9317b5a5820df4aaa54') in 0.118661 seconds
Number of updated asset objects reloaded before import = 0
Number of asset objects unloaded after import = 1
========================================================================
Received Import Request.
  Time since last request: 0.039687 seconds.
  path: Assets/TextMesh Pro/Examples & Extras/Materials/Crate - Surface Shader Scene.mat
  artifactKey: Guid(e6b9b44320f4448d9d5e0ee634259966) Importer(815301076,1909f56bfc062723c751e8b465ee728b)
Start importing Assets/TextMesh Pro/Examples & Extras/Materials/Crate - Surface Shader Scene.mat using Guid(e6b9b44320f4448d9d5e0ee634259966) Importer(815301076,1909f56bfc062723c751e8b465ee728b)  -> (artifact id: '9306dd85d38e891c029c12b4a7053bbd') in 0.054248 seconds
Number of updated asset objects reloaded before import = 0
Number of asset objects unloaded after import = 9
========================================================================
Received Import Request.
  Time since last request: 128.962369 seconds.
  path: Assets/Phoenix3D/Materials/Sample.mat
  artifactKey: Guid(a399c919b73d77f4994532ac08599770) Importer(815301076,1909f56bfc062723c751e8b465ee728b)
Start importing Assets/Phoenix3D/Materials/Sample.mat using Guid(a399c919b73d77f4994532ac08599770) Importer(815301076,1909f56bfc062723c751e8b465ee728b)  -> (artifact id: 'ca1bb76ac13ea661c880ed5763d72a78') in 0.009151 seconds
Number of updated asset objects reloaded before import = 0
Number of asset objects unloaded after import = 1
========================================================================
Received Prepare
Begin MonoManager ReloadAssembly
- Loaded All Assemblies, in  0.638 seconds
Refreshing native plugins compatible for Editor in 9.00 ms, found 3 plugins.
Native extension for WindowsStandalone target not found
Native extension for WebGL target not found
[Package Manager] Server::EnsureServerProcessIsRunning -- launch failed, reason: Unity was launched with the -noUpm command-line argument
[Package Manager] UpmClient::Send -- Unable to send message (not connected to UPM process).
[Package Manager] Cannot connect to Unity Package Manager local server
Mono: successfully reloaded assembly
- Finished resetting the current domain, in  2.131 seconds
Domain Reload Profiling: 2764ms
	BeginReloadAssembly (221ms)
		ExecutionOrderSort (0ms)
		DisableScriptedObjects (5ms)
		BackupInstance (0ms)
		ReleaseScriptingObjects (0ms)
		CreateAndSetChildDomain (40ms)
	RebuildCommonClasses (44ms)
	RebuildNativeTypeToScriptingClass (16ms)
	initialDomainReloadingComplete (36ms)
	LoadAllAssembliesAndSetupDomain (315ms)
		LoadAssemblies (438ms)
		RebuildTransferFunctionScriptingTraits (0ms)
		AnalyzeDomain (15ms)
			TypeCache.Refresh (6ms)
				TypeCache.ScanAssembly (0ms)
			ScanForSourceGeneratedMonoScriptInfo (0ms)
			ResolveRequiredComponents (7ms)
	FinalizeReload (2132ms)
		ReleaseScriptCaches (0ms)
		RebuildScriptCaches (0ms)
		SetupLoadedEditorAssemblies (686ms)
			LogAssemblyErrors (0ms)
			InitializePlatformSupportModulesInManaged (9ms)
			SetLoadedEditorAssemblies (6ms)
			RefreshPlugins (0ms)
			BeforeProcessingInitializeOnLoad (100ms)
			ProcessInitializeOnLoadAttributes (468ms)
			ProcessInitializeOnLoadMethodAttributes (98ms)
			AfterProcessingInitializeOnLoad (4ms)
			EditorAssembliesLoaded (0ms)
		ExecutionOrderSort2 (0ms)
		AwakeInstancesAfterBackupRestoration (11ms)
Refreshing native plugins compatible for Editor in 11.56 ms, found 3 plugins.
Preloading 0 native plugins for Editor in 0.00 ms.
Unloading 4216 Unused Serialized files (Serialized files now loaded: 0)
Unloading 31 unused Assets / (317.4 KB). Loaded Objects now: 4778.
Memory consumption went from 171.0 MB to 170.7 MB.
Total: 4.213400 ms (FindLiveObjects: 0.459300 ms CreateObjectMapping: 0.123200 ms MarkObjects: 3.491400 ms  DeleteObjects: 0.138000 ms)

Prepare: number of updated asset objects reloaded= 0
AssetImportParameters requested are different than current active one (requested -> active):
  custom:container-demuxer-ogg: 62fdf1f143b41e24485cea50d1cbac27 -> 
  custom:video-decoder-ogg-theora: a1e56fd34408186e4bbccfd4996cb3dc -> 
  custom:CustomObjectIndexerAttribute: 6d391050e5a25f67b0a2c618074f2cd9 -> 
  custom:container-demuxer-webm: 4f35f7cbe854078d1ac9338744f61a02 -> 
  custom:container-muxer-webm: aa71ff27fc2769a1b78a27578f13a17b -> 
  custom:video-decoder-webm-vp8: 9c59270c3fd7afecdb556c50c9e8de78 -> 
  custom:SearchIndexIgnoredProperties: e643bd26f0fe6173181afceb89e7c659 -> 
  custom:AudioImporter_EditorPlatform: d09bf68614088b80899f8185d706f6e7 -> 
  custom:video-encoder-webm-vp8: eb34c28f22e8b96e1ab97ce403110664 -> 
  custom:audio-decoder-ogg-vorbis: bf7c407c2cedff20999df2af8eb42d56 -> 
  custom:audio-encoder-webm-vorbis: bf7c407c2cedff20999df2af8eb42d56 -> 
========================================================================
Received Prepare
Begin MonoManager ReloadAssembly
- Loaded All Assemblies, in  0.640 seconds
Refreshing native plugins compatible for Editor in 8.96 ms, found 3 plugins.
Native extension for WindowsStandalone target not found
Native extension for WebGL target not found
[Package Manager] Server::EnsureServerProcessIsRunning -- launch failed, reason: Unity was launched with the -noUpm command-line argument
[Package Manager] UpmClient::Send -- Unable to send message (not connected to UPM process).
[Package Manager] Cannot connect to Unity Package Manager local server
Mono: successfully reloaded assembly
- Finished resetting the current domain, in  2.219 seconds
Domain Reload Profiling: 2855ms
	BeginReloadAssembly (218ms)
		ExecutionOrderSort (0ms)
		DisableScriptedObjects (6ms)
		BackupInstance (0ms)
		ReleaseScriptingObjects (0ms)
		CreateAndSetChildDomain (43ms)
	RebuildCommonClasses (46ms)
	RebuildNativeTypeToScriptingClass (14ms)
	initialDomainReloadingComplete (34ms)
	LoadAllAssembliesAndSetupDomain (325ms)
		LoadAssemblies (442ms)
		RebuildTransferFunctionScriptingTraits (0ms)
		AnalyzeDomain (16ms)
			TypeCache.Refresh (7ms)
				TypeCache.ScanAssembly (0ms)
			ScanForSourceGeneratedMonoScriptInfo (0ms)
			ResolveRequiredComponents (7ms)
	FinalizeReload (2219ms)
		ReleaseScriptCaches (0ms)
		RebuildScriptCaches (0ms)
		SetupLoadedEditorAssemblies (717ms)
			LogAssemblyErrors (0ms)
			InitializePlatformSupportModulesInManaged (10ms)
			SetLoadedEditorAssemblies (8ms)
			RefreshPlugins (0ms)
			BeforeProcessingInitializeOnLoad (105ms)
			ProcessInitializeOnLoadAttributes (480ms)
			ProcessInitializeOnLoadMethodAttributes (109ms)
			AfterProcessingInitializeOnLoad (5ms)
			EditorAssembliesLoaded (0ms)
		ExecutionOrderSort2 (0ms)
		AwakeInstancesAfterBackupRestoration (10ms)
Refreshing native plugins compatible for Editor in 9.54 ms, found 3 plugins.
Preloading 0 native plugins for Editor in 0.00 ms.
Unloading 4217 Unused Serialized files (Serialized files now loaded: 0)
Unloading 31 unused Assets / (317.3 KB). Loaded Objects now: 4781.
Memory consumption went from 173.2 MB to 172.9 MB.
Total: 4.357300 ms (FindLiveObjects: 0.443700 ms CreateObjectMapping: 0.118300 ms MarkObjects: 3.600500 ms  DeleteObjects: 0.193200 ms)

Prepare: number of updated asset objects reloaded= 0
AssetImportParameters requested are different than current active one (requested -> active):
  custom:container-demuxer-ogg: 62fdf1f143b41e24485cea50d1cbac27 -> 
  custom:video-decoder-ogg-theora: a1e56fd34408186e4bbccfd4996cb3dc -> 
  custom:CustomObjectIndexerAttribute: 6d391050e5a25f67b0a2c618074f2cd9 -> 
  custom:container-demuxer-webm: 4f35f7cbe854078d1ac9338744f61a02 -> 
  custom:container-muxer-webm: aa71ff27fc2769a1b78a27578f13a17b -> 
  custom:video-decoder-webm-vp8: 9c59270c3fd7afecdb556c50c9e8de78 -> 
  custom:SearchIndexIgnoredProperties: e643bd26f0fe6173181afceb89e7c659 -> 
  custom:AudioImporter_EditorPlatform: d09bf68614088b80899f8185d706f6e7 -> 
  custom:video-encoder-webm-vp8: eb34c28f22e8b96e1ab97ce403110664 -> 
  custom:audio-decoder-ogg-vorbis: bf7c407c2cedff20999df2af8eb42d56 -> 
  custom:audio-encoder-webm-vorbis: bf7c407c2cedff20999df2af8eb42d56 -> 
========================================================================
Received Import Request.
  Time since last request: 249.490607 seconds.
  path: Assets/KayKit Mini-Game Variety Pack 1.2/Models
  artifactKey: Guid(ea988b0b88ab4a94198521e054074639) Importer(815301076,1909f56bfc062723c751e8b465ee728b)
Start importing Assets/KayKit Mini-Game Variety Pack 1.2/Models using Guid(ea988b0b88ab4a94198521e054074639) Importer(815301076,1909f56bfc062723c751e8b465ee728b)  -> (artifact id: 'a7f78c14d64d54d69c17b137f519065b') in 0.002560 seconds
Number of updated asset objects reloaded before import = 0
Number of asset objects unloaded after import = 0
========================================================================
Received Import Request.
  Time since last request: 1.018902 seconds.
  path: Assets/KayKit Mini-Game Variety Pack 1.2/Models/Characters
  artifactKey: Guid(8b8025a7596d3e1439c2b4d0bd80fe33) Importer(815301076,1909f56bfc062723c751e8b465ee728b)
Start importing Assets/KayKit Mini-Game Variety Pack 1.2/Models/Characters using Guid(8b8025a7596d3e1439c2b4d0bd80fe33) Importer(815301076,1909f56bfc062723c751e8b465ee728b)  -> (artifact id: '43a828f7fda1de2802ff7a4bdfb413d4') in 0.001041 seconds
Number of updated asset objects reloaded before import = 0
Number of asset objects unloaded after import = 0
========================================================================
Received Import Request.
  Time since last request: 0.869968 seconds.
  path: Assets/KayKit Mini-Game Variety Pack 1.2/Models/Characters/Bear
  artifactKey: Guid(0d4bca66cd04c8a479094b2ff2cf800c) Importer(815301076,1909f56bfc062723c751e8b465ee728b)
Start importing Assets/KayKit Mini-Game Variety Pack 1.2/Models/Characters/Bear using Guid(0d4bca66cd04c8a479094b2ff2cf800c) Importer(815301076,1909f56bfc062723c751e8b465ee728b)  -> (artifact id: '01f56ee30e75acfc5904c56cc6e9216b') in 0.000757 seconds
Number of updated asset objects reloaded before import = 0
Number of asset objects unloaded after import = 0
========================================================================
Received Import Request.
  Time since last request: 1.052890 seconds.
  path: Assets/KayKit Mini-Game Variety Pack 1.2/Models/Characters/Bear/dae
  artifactKey: Guid(4001f321c5f301044ab108c4cfa8f417) Importer(815301076,1909f56bfc062723c751e8b465ee728b)
Start importing Assets/KayKit Mini-Game Variety Pack 1.2/Models/Characters/Bear/dae using Guid(4001f321c5f301044ab108c4cfa8f417) Importer(815301076,1909f56bfc062723c751e8b465ee728b)  -> (artifact id: 'a5ffcf5db5192031728bf5740095f1db') in 0.000859 seconds
Number of updated asset objects reloaded before import = 0
Number of asset objects unloaded after import = 0
========================================================================
Received Import Request.
  Time since last request: 12.109069 seconds.
  path: Assets/Phoenix3D/Materials
  artifactKey: Guid(925f1c26ecf295c4d835010db7d048af) Importer(815301076,1909f56bfc062723c751e8b465ee728b)
Start importing Assets/Phoenix3D/Materials using Guid(925f1c26ecf295c4d835010db7d048af) Importer(815301076,1909f56bfc062723c751e8b465ee728b)  -> (artifact id: '5c001ca84f3288dc39b328d398fe6ff5') in 0.000654 seconds
Number of updated asset objects reloaded before import = 0
Number of asset objects unloaded after import = 0
========================================================================
Received Import Request.
  Time since last request: 3.947368 seconds.
  path: Assets/Phoenix3D/Demo
  artifactKey: Guid(62daba834cddad04f9856c1762d1eee7) Importer(815301076,1909f56bfc062723c751e8b465ee728b)
Start importing Assets/Phoenix3D/Demo using Guid(62daba834cddad04f9856c1762d1eee7) Importer(815301076,1909f56bfc062723c751e8b465ee728b)  -> (artifact id: '684db1baee381bc38d953a6d2cb7cb7e') in 0.000624 seconds
Number of updated asset objects reloaded before import = 0
Number of asset objects unloaded after import = 0
========================================================================
Received Import Request.
  Time since last request: 5.669508 seconds.
  path: Assets/Phoenix3D/Demo/HDRP_Settings
  artifactKey: Guid(fe138a1cef03a4b4697bf91384514541) Importer(815301076,1909f56bfc062723c751e8b465ee728b)
Start importing Assets/Phoenix3D/Demo/HDRP_Settings using Guid(fe138a1cef03a4b4697bf91384514541) Importer(815301076,1909f56bfc062723c751e8b465ee728b)  -> (artifact id: '661222e9ca28531d5b15b8b097b4d241') in 0.000648 seconds
Number of updated asset objects reloaded before import = 0
Number of asset objects unloaded after import = 0
========================================================================
Received Prepare
Begin MonoManager ReloadAssembly
- Loaded All Assemblies, in  0.696 seconds
Refreshing native plugins compatible for Editor in 9.02 ms, found 3 plugins.
Native extension for WindowsStandalone target not found
Native extension for WebGL target not found
[Package Manager] Server::EnsureServerProcessIsRunning -- launch failed, reason: Unity was launched with the -noUpm command-line argument
[Package Manager] UpmClient::Send -- Unable to send message (not connected to UPM process).
[Package Manager] Cannot connect to Unity Package Manager local server
Mono: successfully reloaded assembly
- Finished resetting the current domain, in  2.116 seconds
Domain Reload Profiling: 2809ms
	BeginReloadAssembly (236ms)
		ExecutionOrderSort (0ms)
		DisableScriptedObjects (5ms)
		BackupInstance (0ms)
		ReleaseScriptingObjects (0ms)
		CreateAndSetChildDomain (43ms)
	RebuildCommonClasses (47ms)
	RebuildNativeTypeToScriptingClass (14ms)
	initialDomainReloadingComplete (37ms)
	LoadAllAssembliesAndSetupDomain (357ms)
		LoadAssemblies (467ms)
		RebuildTransferFunctionScriptingTraits (0ms)
		AnalyzeDomain (41ms)
			TypeCache.Refresh (12ms)
				TypeCache.ScanAssembly (1ms)
			ScanForSourceGeneratedMonoScriptInfo (19ms)
			ResolveRequiredComponents (8ms)
	FinalizeReload (2117ms)
		ReleaseScriptCaches (0ms)
		RebuildScriptCaches (0ms)
		SetupLoadedEditorAssemblies (569ms)
			LogAssemblyErrors (0ms)
			InitializePlatformSupportModulesInManaged (8ms)
			SetLoadedEditorAssemblies (5ms)
			RefreshPlugins (0ms)
			BeforeProcessingInitializeOnLoad (96ms)
			ProcessInitializeOnLoadAttributes (371ms)
			ProcessInitializeOnLoadMethodAttributes (84ms)
			AfterProcessingInitializeOnLoad (4ms)
			EditorAssembliesLoaded (0ms)
		ExecutionOrderSort2 (0ms)
		AwakeInstancesAfterBackupRestoration (8ms)
Refreshing native plugins compatible for Editor in 10.84 ms, found 3 plugins.
Preloading 0 native plugins for Editor in 0.00 ms.
Unloading 4215 Unused Serialized files (Serialized files now loaded: 0)
Unloading 32 unused Assets / (317.9 KB). Loaded Objects now: 4783.
Memory consumption went from 174.9 MB to 174.6 MB.
Total: 3.983100 ms (FindLiveObjects: 0.537200 ms CreateObjectMapping: 0.153900 ms MarkObjects: 3.139600 ms  DeleteObjects: 0.150300 ms)

Prepare: number of updated asset objects reloaded= 0
AssetImportParameters requested are different than current active one (requested -> active):
  custom:container-demuxer-ogg: 62fdf1f143b41e24485cea50d1cbac27 -> 
  custom:video-decoder-ogg-theora: a1e56fd34408186e4bbccfd4996cb3dc -> 
  custom:CustomObjectIndexerAttribute: 6d391050e5a25f67b0a2c618074f2cd9 -> 
  custom:container-demuxer-webm: 4f35f7cbe854078d1ac9338744f61a02 -> 
  custom:container-muxer-webm: aa71ff27fc2769a1b78a27578f13a17b -> 
  custom:video-decoder-webm-vp8: 9c59270c3fd7afecdb556c50c9e8de78 -> 
  custom:SearchIndexIgnoredProperties: e643bd26f0fe6173181afceb89e7c659 -> 
  custom:AudioImporter_EditorPlatform: d09bf68614088b80899f8185d706f6e7 -> 
  custom:video-encoder-webm-vp8: eb34c28f22e8b96e1ab97ce403110664 -> 
  custom:audio-decoder-ogg-vorbis: bf7c407c2cedff20999df2af8eb42d56 -> 
  custom:audio-encoder-webm-vorbis: bf7c407c2cedff20999df2af8eb42d56 -> 
========================================================================
Received Import Request.
  Time since last request: 18.460405 seconds.
  path: Assets/Phoenix3D/Textures
  artifactKey: Guid(db659e825b3083c45836ba84eeaf6a17) Importer(815301076,1909f56bfc062723c751e8b465ee728b)
Start importing Assets/Phoenix3D/Textures using Guid(db659e825b3083c45836ba84eeaf6a17) Importer(815301076,1909f56bfc062723c751e8b465ee728b)  -> (artifact id: 'fb251d2627d8dcd493fee6386af82ae9') in 0.004714 seconds
Number of updated asset objects reloaded before import = 0
Number of asset objects unloaded after import = 0
========================================================================
Received Import Request.
  Time since last request: 0.036702 seconds.
  path: Assets/Phoenix3D/Textures/Phoenix3D.png
  artifactKey: Guid(b320a9c4a4e16434a9127fc55d5e3440) Importer(815301076,1909f56bfc062723c751e8b465ee728b)
Start importing Assets/Phoenix3D/Textures/Phoenix3D.png using Guid(b320a9c4a4e16434a9127fc55d5e3440) Importer(815301076,1909f56bfc062723c751e8b465ee728b)  -> (artifact id: 'ef031666c05911e6a041ad67e6da6874') in 0.075764 seconds
Number of updated asset objects reloaded before import = 0
Number of asset objects unloaded after import = 2
========================================================================
Received Import Request.
  Time since last request: 1.123400 seconds.
  path: Assets/Phoenix3D/Textures/Outdoor_Wall_T01
  artifactKey: Guid(48b7de4f7678d634bbfed055272d2415) Importer(815301076,1909f56bfc062723c751e8b465ee728b)
Start importing Assets/Phoenix3D/Textures/Outdoor_Wall_T01 using Guid(48b7de4f7678d634bbfed055272d2415) Importer(815301076,1909f56bfc062723c751e8b465ee728b)  -> (artifact id: 'b1f9e6c4015f2b4faeb8944c09cf5515') in 0.000758 seconds
Number of updated asset objects reloaded before import = 0
Number of asset objects unloaded after import = 0
========================================================================
Received Import Request.
  Time since last request: 0.059404 seconds.
  path: Assets/Phoenix3D/Textures/Outdoor_Wall_T01/Outdoor_Wall_T01_Ambient_occlusion.png
  artifactKey: Guid(68e48c0a4f7aa8d4aae3756f35dfad22) Importer(815301076,1909f56bfc062723c751e8b465ee728b)
Start importing Assets/Phoenix3D/Textures/Outdoor_Wall_T01/Outdoor_Wall_T01_Ambient_occlusion.png using Guid(68e48c0a4f7aa8d4aae3756f35dfad22) Importer(815301076,1909f56bfc062723c751e8b465ee728b)  -> (artifact id: '0be2537d92bb8440c7fa6e2c71bc1b17') in 0.025052 seconds
Number of updated asset objects reloaded before import = 0
Number of asset objects unloaded after import = 2
========================================================================
Received Import Request.
  Time since last request: 0.000053 seconds.
  path: Assets/Phoenix3D/Textures/Outdoor_Wall_T01/Outdoor_Wall_T01_Normal_DirectX.png
  artifactKey: Guid(bd13c0517fe60344797510fc724775db) Importer(815301076,1909f56bfc062723c751e8b465ee728b)
Start importing Assets/Phoenix3D/Textures/Outdoor_Wall_T01/Outdoor_Wall_T01_Normal_DirectX.png using Guid(bd13c0517fe60344797510fc724775db) Importer(815301076,1909f56bfc062723c751e8b465ee728b)  -> (artifact id: '9667e97dbff0a7c1338ecf20aae3d19f') in 0.039111 seconds
Number of updated asset objects reloaded before import = 0
Number of asset objects unloaded after import = 2
========================================================================
Received Import Request.
  Time since last request: 0.000034 seconds.
  path: Assets/Phoenix3D/Textures/Outdoor_Wall_T01/Outdoor_Wall_T01_MaskMap.png
  artifactKey: Guid(632b3990e4db9ce4d996f1934a3dac53) Importer(815301076,1909f56bfc062723c751e8b465ee728b)
Start importing Assets/Phoenix3D/Textures/Outdoor_Wall_T01/Outdoor_Wall_T01_MaskMap.png using Guid(632b3990e4db9ce4d996f1934a3dac53) Importer(815301076,1909f56bfc062723c751e8b465ee728b)  -> (artifact id: '2a171c6b4bd1f4ca3c725bc71f34cc2f') in 0.027309 seconds
Number of updated asset objects reloaded before import = 0
Number of asset objects unloaded after import = 2
========================================================================
Received Import Request.
  Time since last request: 0.000024 seconds.
  path: Assets/Phoenix3D/Textures/Outdoor_Wall_T01/Outdoor_Wall_T01_Roughness.png
  artifactKey: Guid(6c5b1672c262f4440b8d569faa7a872e) Importer(815301076,1909f56bfc062723c751e8b465ee728b)
Start importing Assets/Phoenix3D/Textures/Outdoor_Wall_T01/Outdoor_Wall_T01_Roughness.png using Guid(6c5b1672c262f4440b8d569faa7a872e) Importer(815301076,1909f56bfc062723c751e8b465ee728b)  -> (artifact id: 'f522c581d64c6827492648eb81ad2b71') in 0.026566 seconds
Number of updated asset objects reloaded before import = 0
Number of asset objects unloaded after import = 2
========================================================================
Received Import Request.
  Time since last request: 190.567799 seconds.
  path: Assets/Scenes/Nivel 1.unity
  artifactKey: Guid(e8bf7356be7cc9d4a88fba11953671b6) Importer(815301076,1909f56bfc062723c751e8b465ee728b)
Start importing Assets/Scenes/Nivel 1.unity using Guid(e8bf7356be7cc9d4a88fba11953671b6) Importer(815301076,1909f56bfc062723c751e8b465ee728b)  -> (artifact id: '58484d0d6dbfb4495141c87f95812ce4') in 0.000835 seconds
Number of updated asset objects reloaded before import = 0
Number of asset objects unloaded after import = 0
========================================================================
Received Import Request.
  Time since last request: 1.118517 seconds.
  path: Assets/Scenes/Nivel 2.unity
  artifactKey: Guid(a7ff0bf6a6e09aa429e814edd8cfeacb) Importer(815301076,1909f56bfc062723c751e8b465ee728b)
Start importing Assets/Scenes/Nivel 2.unity using Guid(a7ff0bf6a6e09aa429e814edd8cfeacb) Importer(815301076,1909f56bfc062723c751e8b465ee728b)  -> (artifact id: '0f84cad2d2d370fa233f8af670e5d956') in 0.000686 seconds
Number of updated asset objects reloaded before import = 0
Number of asset objects unloaded after import = 0
========================================================================
Received Import Request.
  Time since last request: 10.606685 seconds.
  path: Assets/Objetos/_Assets/Materials/Black.mat
  artifactKey: Guid(90f0eed1477afe14b9e538e5bfa88cdc) Importer(815301076,1909f56bfc062723c751e8b465ee728b)
Start importing Assets/Objetos/_Assets/Materials/Black.mat using Guid(90f0eed1477afe14b9e538e5bfa88cdc) Importer(815301076,1909f56bfc062723c751e8b465ee728b)  -> (artifact id: '1cbd078295184b71cf639d15d81836bc') in 0.180942 seconds
Number of updated asset objects reloaded before import = 0
Number of asset objects unloaded after import = 1
========================================================================
Received Import Request.
  Time since last request: 3.599706 seconds.
  path: Assets/Objetos/_Assets/Meshes/Cabbage.mat
  artifactKey: Guid(f46454cbed06c8e4f8a0203bb4cd40ee) Importer(815301076,1909f56bfc062723c751e8b465ee728b)
Start importing Assets/Objetos/_Assets/Meshes/Cabbage.mat using Guid(f46454cbed06c8e4f8a0203bb4cd40ee) Importer(815301076,1909f56bfc062723c751e8b465ee728b)  -> (artifact id: '91862a834396518f46342b526599f9b9') in 0.034594 seconds
Number of updated asset objects reloaded before import = 0
Number of asset objects unloaded after import = 3
========================================================================
Received Import Request.
  Time since last request: 0.030648 seconds.
  path: Assets/Objetos/_Assets/Materials/Floor.mat
  artifactKey: Guid(5cd9c4cb641f84d44a3f09754979864b) Importer(815301076,1909f56bfc062723c751e8b465ee728b)
Start importing Assets/Objetos/_Assets/Materials/Floor.mat using Guid(5cd9c4cb641f84d44a3f09754979864b) Importer(815301076,1909f56bfc062723c751e8b465ee728b)  -> (artifact id: 'cd42ffd793742c25efdc9f1c4b3c30f9') in 0.024603 seconds
Number of updated asset objects reloaded before import = 0
Number of asset objects unloaded after import = 2
========================================================================
Received Import Request.
  Time since last request: 0.882571 seconds.
  path: Assets/Phoenix3D/Materials/Ground.mat
  artifactKey: Guid(bf214fef10ef3094daa8d1f0646d4edf) Importer(815301076,1909f56bfc062723c751e8b465ee728b)
Start importing Assets/Phoenix3D/Materials/Ground.mat using Guid(bf214fef10ef3094daa8d1f0646d4edf) Importer(815301076,1909f56bfc062723c751e8b465ee728b)  -> (artifact id: 'b1579c4d2bf42e47b7f1356319cc668a') in 0.017299 seconds
Number of updated asset objects reloaded before import = 0
Number of asset objects unloaded after import = 1
========================================================================
Received Import Request.
  Time since last request: 0.286517 seconds.
  path: Assets/Objetos/_Assets/Meshes/Kitchen Counter_Blue.mat
  artifactKey: Guid(ddeee0face48cd346be478cda5ba7071) Importer(815301076,1909f56bfc062723c751e8b465ee728b)
Start importing Assets/Objetos/_Assets/Meshes/Kitchen Counter_Blue.mat using Guid(ddeee0face48cd346be478cda5ba7071) Importer(815301076,1909f56bfc062723c751e8b465ee728b)  -> (artifact id: '239578b07cb4e04cc254b9458bd26081') in 0.025363 seconds
Number of updated asset objects reloaded before import = 0
Number of asset objects unloaded after import = 3
========================================================================
Received Import Request.
  Time since last request: 12.215202 seconds.
  path: Assets/Phoenix3D/Materials/Outdoor_Wall_T01.mat
  artifactKey: Guid(1bc9c5ce01203a64f80002430e002ce7) Importer(815301076,1909f56bfc062723c751e8b465ee728b)
Start importing Assets/Phoenix3D/Materials/Outdoor_Wall_T01.mat using Guid(1bc9c5ce01203a64f80002430e002ce7) Importer(815301076,1909f56bfc062723c751e8b465ee728b)  -> (artifact id: '73c7fd7783be6ab779d6814a18d2a144') in 0.363481 seconds
Number of updated asset objects reloaded before import = 0
Number of asset objects unloaded after import = 6
========================================================================
Received Import Request.
  Time since last request: 0.000036 seconds.
  path: Assets/Phoenix3D/Materials/Outdoor_Wall_T15.mat
  artifactKey: Guid(2e09ba36d52985b4fb0a4b32d3292329) Importer(815301076,1909f56bfc062723c751e8b465ee728b)
Start importing Assets/Phoenix3D/Materials/Outdoor_Wall_T15.mat using Guid(2e09ba36d52985b4fb0a4b32d3292329) Importer(815301076,1909f56bfc062723c751e8b465ee728b)  -> (artifact id: '0f60be268b0bd05a745a3de9b76e6ca6') in 0.029132 seconds
Number of updated asset objects reloaded before import = 0
Number of asset objects unloaded after import = 6
========================================================================
Received Import Request.
  Time since last request: 0.000056 seconds.
  path: Assets/Objetos/_Assets/Materials/PlayerBody.mat
  artifactKey: Guid(dba792b574c201a4eabfe983aa82805a) Importer(815301076,1909f56bfc062723c751e8b465ee728b)
Start importing Assets/Objetos/_Assets/Materials/PlayerBody.mat using Guid(dba792b574c201a4eabfe983aa82805a) Importer(815301076,1909f56bfc062723c751e8b465ee728b)  -> (artifact id: '6d809e0440eb27848859eea7052e7261') in 0.025401 seconds
Number of updated asset objects reloaded before import = 0
Number of asset objects unloaded after import = 1
========================================================================
Received Import Request.
  Time since last request: 0.000029 seconds.
  path: Assets/Phoenix3D/Materials/Outdoor_Wall_T06.mat
  artifactKey: Guid(f3bd095cadb724a40a7bec41620e08d2) Importer(815301076,1909f56bfc062723c751e8b465ee728b)
Start importing Assets/Phoenix3D/Materials/Outdoor_Wall_T06.mat using Guid(f3bd095cadb724a40a7bec41620e08d2) Importer(815301076,1909f56bfc062723c751e8b465ee728b)  -> (artifact id: 'ee12e0bd72fb26dc700fab83c05c6cee') in 0.028129 seconds
Number of updated asset objects reloaded before import = 0
Number of asset objects unloaded after import = 6
========================================================================
Received Import Request.
  Time since last request: 4.515777 seconds.
  path: Assets/Phoenix3D/Materials/Sample.mat
  artifactKey: Guid(a399c919b73d77f4994532ac08599770) Importer(815301076,1909f56bfc062723c751e8b465ee728b)
Start importing Assets/Phoenix3D/Materials/Sample.mat using Guid(a399c919b73d77f4994532ac08599770) Importer(815301076,1909f56bfc062723c751e8b465ee728b)  -> (artifact id: '7c2e6e1190f3a4877cac8edf99fe0a09') in 0.024155 seconds
Number of updated asset objects reloaded before import = 0
Number of asset objects unloaded after import = 1
========================================================================
Received Import Request.
  Time since last request: 0.057411 seconds.
  path: Assets/Objetos/_Assets/Materials/StoveRedGlow.mat
  artifactKey: Guid(874e968446c933942a2e13d2e840aa73) Importer(815301076,1909f56bfc062723c751e8b465ee728b)
Start importing Assets/Objetos/_Assets/Materials/StoveRedGlow.mat using Guid(874e968446c933942a2e13d2e840aa73) Importer(815301076,1909f56bfc062723c751e8b465ee728b)  -> (artifact id: 'a1fe00fcaf030357b1d379f2be02a313') in 0.123086 seconds
Number of updated asset objects reloaded before import = 0
Number of asset objects unloaded after import = 1
========================================================================
Received Import Request.
  Time since last request: 0.027893 seconds.
  path: Assets/Objetos/_Assets/Materials/Wall.mat
  artifactKey: Guid(5b6d675e83b874744bd9164efa49b068) Importer(815301076,1909f56bfc062723c751e8b465ee728b)
Start importing Assets/Objetos/_Assets/Materials/Wall.mat using Guid(5b6d675e83b874744bd9164efa49b068) Importer(815301076,1909f56bfc062723c751e8b465ee728b)  -> (artifact id: '92068e122c73a9daad5fedf0e12e677d') in 0.019505 seconds
Number of updated asset objects reloaded before import = 0
Number of asset objects unloaded after import = 2
========================================================================
Received Import Request.
  Time since last request: 306.487660 seconds.
  path: Assets/Scenes/Nivel 3.unity
  artifactKey: Guid(a2af45ed5e5c1a848a30d7286756a088) Importer(815301076,1909f56bfc062723c751e8b465ee728b)
Start importing Assets/Scenes/Nivel 3.unity using Guid(a2af45ed5e5c1a848a30d7286756a088) Importer(815301076,1909f56bfc062723c751e8b465ee728b)  -> (artifact id: '2dccd5385406f97acd567af7689e352e') in 0.000904 seconds
Number of updated asset objects reloaded before import = 0
Number of asset objects unloaded after import = 0
========================================================================
Received Import Request.
  Time since last request: 18.177267 seconds.
  path: Assets/Scenes/SampleScene.unity
  artifactKey: Guid(9fc0d4010bbf28b4594072e72b8655ab) Importer(815301076,1909f56bfc062723c751e8b465ee728b)
Start importing Assets/Scenes/SampleScene.unity using Guid(9fc0d4010bbf28b4594072e72b8655ab) Importer(815301076,1909f56bfc062723c751e8b465ee728b)  -> (artifact id: '9d984b71836e4a6b629670476b6e1594') in 0.000891 seconds
Number of updated asset objects reloaded before import = 0
Number of asset objects unloaded after import = 0
========================================================================
Received Prepare
Begin MonoManager ReloadAssembly
- Loaded All Assemblies, in  0.632 seconds
Refreshing native plugins compatible for Editor in 8.15 ms, found 3 plugins.
Native extension for WindowsStandalone target not found
Native extension for WebGL target not found
[Package Manager] Server::EnsureServerProcessIsRunning -- launch failed, reason: Unity was launched with the -noUpm command-line argument
[Package Manager] UpmClient::Send -- Unable to send message (not connected to UPM process).
[Package Manager] Cannot connect to Unity Package Manager local server
Mono: successfully reloaded assembly
- Finished resetting the current domain, in  2.029 seconds
Domain Reload Profiling: 2658ms
	BeginReloadAssembly (222ms)
		ExecutionOrderSort (0ms)
		DisableScriptedObjects (5ms)
		BackupInstance (0ms)
		ReleaseScriptingObjects (0ms)
		CreateAndSetChildDomain (42ms)
	RebuildCommonClasses (45ms)
	RebuildNativeTypeToScriptingClass (17ms)
	initialDomainReloadingComplete (38ms)
	LoadAllAssembliesAndSetupDomain (307ms)
		LoadAssemblies (422ms)
		RebuildTransferFunctionScriptingTraits (0ms)
		AnalyzeDomain (15ms)
			TypeCache.Refresh (6ms)
				TypeCache.ScanAssembly (0ms)
			ScanForSourceGeneratedMonoScriptInfo (0ms)
			ResolveRequiredComponents (8ms)
	FinalizeReload (2030ms)
		ReleaseScriptCaches (0ms)
		RebuildScriptCaches (0ms)
		SetupLoadedEditorAssemblies (602ms)
			LogAssemblyErrors (0ms)
			InitializePlatformSupportModulesInManaged (8ms)
			SetLoadedEditorAssemblies (7ms)
			RefreshPlugins (0ms)
			BeforeProcessingInitializeOnLoad (100ms)
			ProcessInitializeOnLoadAttributes (398ms)
			ProcessInitializeOnLoadMethodAttributes (85ms)
			AfterProcessingInitializeOnLoad (4ms)
			EditorAssembliesLoaded (0ms)
		ExecutionOrderSort2 (0ms)
		AwakeInstancesAfterBackupRestoration (8ms)
Refreshing native plugins compatible for Editor in 8.57 ms, found 3 plugins.
Preloading 0 native plugins for Editor in 0.00 ms.
Unloading 4215 Unused Serialized files (Serialized files now loaded: 0)
Unloading 31 unused Assets / (317.3 KB). Loaded Objects now: 4790.
Memory consumption went from 176.9 MB to 176.6 MB.
Total: 3.721000 ms (FindLiveObjects: 0.468100 ms CreateObjectMapping: 0.116900 ms MarkObjects: 3.006400 ms  DeleteObjects: 0.128200 ms)

Prepare: number of updated asset objects reloaded= 0
AssetImportParameters requested are different than current active one (requested -> active):
  custom:container-demuxer-ogg: 62fdf1f143b41e24485cea50d1cbac27 -> 
  custom:video-decoder-ogg-theora: a1e56fd34408186e4bbccfd4996cb3dc -> 
  custom:CustomObjectIndexerAttribute: 6d391050e5a25f67b0a2c618074f2cd9 -> 
  custom:container-demuxer-webm: 4f35f7cbe854078d1ac9338744f61a02 -> 
  custom:container-muxer-webm: aa71ff27fc2769a1b78a27578f13a17b -> 
  custom:video-decoder-webm-vp8: 9c59270c3fd7afecdb556c50c9e8de78 -> 
  custom:SearchIndexIgnoredProperties: e643bd26f0fe6173181afceb89e7c659 -> 
  custom:AudioImporter_EditorPlatform: d09bf68614088b80899f8185d706f6e7 -> 
  custom:video-encoder-webm-vp8: eb34c28f22e8b96e1ab97ce403110664 -> 
  custom:audio-decoder-ogg-vorbis: bf7c407c2cedff20999df2af8eb42d56 -> 
  custom:audio-encoder-webm-vorbis: bf7c407c2cedff20999df2af8eb42d56 -> 
========================================================================
Received Import Request.
  Time since last request: 141.289694 seconds.
  path: Assets/Objetos/_Assets/PrefabsVisuals/KitchenObjectsVisuals/Cabbage_Visual.prefab
  artifactKey: Guid(259702638197d9246bfc6f2b0fe88c09) Importer(815301076,1909f56bfc062723c751e8b465ee728b)
Start importing Assets/Objetos/_Assets/PrefabsVisuals/KitchenObjectsVisuals/Cabbage_Visual.prefab using Guid(259702638197d9246bfc6f2b0fe88c09) Importer(815301076,1909f56bfc062723c751e8b465ee728b)  -> (artifact id: '63aab57e323d3d652f3b3c01ac2a9bbc') in 0.107824 seconds
Number of updated asset objects reloaded before import = 0
Number of asset objects unloaded after import = 19
========================================================================
Received Import Request.
  Time since last request: 0.000024 seconds.
  path: Assets/Objetos/_Assets/PrefabsVisuals/CountersVisuals/ContainerCounter_Visual.prefab
  artifactKey: Guid(9a9137fa2b035d34e881701d2c178192) Importer(815301076,1909f56bfc062723c751e8b465ee728b)
Start importing Assets/Objetos/_Assets/PrefabsVisuals/CountersVisuals/ContainerCounter_Visual.prefab using Guid(9a9137fa2b035d34e881701d2c178192) Importer(815301076,1909f56bfc062723c751e8b465ee728b)  -> (artifact id: '2095a9eaa95cd7bfe83f5d47eee32e5a') in 0.053009 seconds
Number of updated asset objects reloaded before import = 0
Number of asset objects unloaded after import = 61
========================================================================
Received Import Request.
  Time since last request: 1.134938 seconds.
  path: Assets/Objetos/_Assets/PrefabsVisuals/CountersVisuals/DeliveryCounter_Visual.prefab
  artifactKey: Guid(be1e77e8d4e81bf4292e5b46dc090583) Importer(815301076,1909f56bfc062723c751e8b465ee728b)
Start importing Assets/Objetos/_Assets/PrefabsVisuals/CountersVisuals/DeliveryCounter_Visual.prefab using Guid(be1e77e8d4e81bf4292e5b46dc090583) Importer(815301076,1909f56bfc062723c751e8b465ee728b)  -> (artifact id: 'a6010e90dfed5c21b057682402deceb2') in 0.025265 seconds
Number of updated asset objects reloaded before import = 0
Number of asset objects unloaded after import = 12
========================================================================
Received Import Request.
  Time since last request: 0.000028 seconds.
  path: Assets/TextMesh Pro/Sprites/Image.prefab
  artifactKey: Guid(5682f4ca963907547883ac680fbac13e) Importer(815301076,1909f56bfc062723c751e8b465ee728b)
Start importing Assets/TextMesh Pro/Sprites/Image.prefab using Guid(5682f4ca963907547883ac680fbac13e) Importer(815301076,1909f56bfc062723c751e8b465ee728b)  -> (artifact id: '2000720cf208aa9fad052e2a422d3941') in 0.007217 seconds
Number of updated asset objects reloaded before import = 0
Number of asset objects unloaded after import = 6
========================================================================
Received Import Request.
  Time since last request: 0.000121 seconds.
  path: Assets/TextMesh Pro/Examples & Extras/Sprites/Image.prefab
  artifactKey: Guid(4ac73878543a83249a29716171f1bad3) Importer(815301076,1909f56bfc062723c751e8b465ee728b)
Start importing Assets/TextMesh Pro/Examples & Extras/Sprites/Image.prefab using Guid(4ac73878543a83249a29716171f1bad3) Importer(815301076,1909f56bfc062723c751e8b465ee728b)  -> (artifact id: '2dd900fcb53789b324d858ce672b4ceb') in 0.002574 seconds
Number of updated asset objects reloaded before import = 0
Number of asset objects unloaded after import = 6
========================================================================
Received Import Request.
  Time since last request: 0.005127 seconds.
  path: Assets/TextMesh Pro/Examples & Extras/Resources/Sprite Assets/Image.prefab
  artifactKey: Guid(4f49341426316cb489484c206e2ee767) Importer(815301076,1909f56bfc062723c751e8b465ee728b)
Start importing Assets/TextMesh Pro/Examples & Extras/Resources/Sprite Assets/Image.prefab using Guid(4f49341426316cb489484c206e2ee767) Importer(815301076,1909f56bfc062723c751e8b465ee728b)  -> (artifact id: '2e9ed1abed03978ab19e95cd26ee51e2') in 0.002883 seconds
Number of updated asset objects reloaded before import = 0
Number of asset objects unloaded after import = 6
========================================================================
Received Import Request.
  Time since last request: 0.003956 seconds.
  path: Assets/TextMesh Pro/Examples & Extras/Sprites/Image 1.prefab
  artifactKey: Guid(08b4d06eaa5604b4c8d306ca3f4f2976) Importer(815301076,1909f56bfc062723c751e8b465ee728b)
Start importing Assets/TextMesh Pro/Examples & Extras/Sprites/Image 1.prefab using Guid(08b4d06eaa5604b4c8d306ca3f4f2976) Importer(815301076,1909f56bfc062723c751e8b465ee728b)  -> (artifact id: '45c706b31209941346748d0ff2814f5d') in 0.002783 seconds
Number of updated asset objects reloaded before import = 0
Number of asset objects unloaded after import = 6
========================================================================
Received Import Request.
  Time since last request: 0.068955 seconds.
  path: Assets/Objetos/_Assets/PrefabsVisuals/PlayerMovingParticles.prefab
  artifactKey: Guid(12d9bf5aa92c13841abb9eec36b81afd) Importer(815301076,1909f56bfc062723c751e8b465ee728b)
Start importing Assets/Objetos/_Assets/PrefabsVisuals/PlayerMovingParticles.prefab using Guid(12d9bf5aa92c13841abb9eec36b81afd) Importer(815301076,1909f56bfc062723c751e8b465ee728b)  -> (artifact id: 'a050b5a1a5be70e557593da04be5a603') in 0.023981 seconds
Number of updated asset objects reloaded before import = 0
Number of asset objects unloaded after import = 7
========================================================================
Received Import Request.
  Time since last request: 0.000025 seconds.
  path: Assets/KayKit Mini-Game Variety Pack 1.2/Models/obj/ram.prefab
  artifactKey: Guid(dc6540354b915914f9474c97d4ada673) Importer(815301076,1909f56bfc062723c751e8b465ee728b)
Start importing Assets/KayKit Mini-Game Variety Pack 1.2/Models/obj/ram.prefab using Guid(dc6540354b915914f9474c97d4ada673) Importer(815301076,1909f56bfc062723c751e8b465ee728b)  -> (artifact id: 'a45fdd9e63eb555a13e1612819010daa') in 0.020109 seconds
Number of updated asset objects reloaded before import = 0
Number of asset objects unloaded after import = 11
========================================================================
Received Import Request.
  Time since last request: 41.996429 seconds.
  path: Assets/KayKit Mini-Game Variety Pack 1.2/Models/obj/Caja.prefab
  artifactKey: Guid(da3e232aafaef6540ac724fd21d09f87) Importer(815301076,1909f56bfc062723c751e8b465ee728b)
Start importing Assets/KayKit Mini-Game Variety Pack 1.2/Models/obj/Caja.prefab using Guid(da3e232aafaef6540ac724fd21d09f87) Importer(815301076,1909f56bfc062723c751e8b465ee728b)  -> (artifact id: '2069729a27f162daac643c9a7e911734') in 0.011072 seconds
Number of updated asset objects reloaded before import = 0
Number of asset objects unloaded after import = 17
========================================================================
Received Import Request.
  Time since last request: 3.726943 seconds.
  path: Assets/KayKit Mini-Game Variety Pack 1.2/Models/obj/Caja.prefab
  artifactKey: Guid(da3e232aafaef6540ac724fd21d09f87) Importer(815301076,1909f56bfc062723c751e8b465ee728b)
Start importing Assets/KayKit Mini-Game Variety Pack 1.2/Models/obj/Caja.prefab using Guid(da3e232aafaef6540ac724fd21d09f87) Importer(815301076,1909f56bfc062723c751e8b465ee728b)  -> (artifact id: '534725e70cb36728f6b1f69adf3e8757') in 0.009061 seconds
Number of updated asset objects reloaded before import = 0
Number of asset objects unloaded after import = 17
========================================================================
Received Import Request.
  Time since last request: 3.007987 seconds.
  path: Assets/KayKit Mini-Game Variety Pack 1.2/Models/obj/Caja.prefab
  artifactKey: Guid(da3e232aafaef6540ac724fd21d09f87) Importer(815301076,1909f56bfc062723c751e8b465ee728b)
Start importing Assets/KayKit Mini-Game Variety Pack 1.2/Models/obj/Caja.prefab using Guid(da3e232aafaef6540ac724fd21d09f87) Importer(815301076,1909f56bfc062723c751e8b465ee728b)  -> (artifact id: '6ac8211813a56771cf9029074cb33d35') in 0.009633 seconds
Number of updated asset objects reloaded before import = 0
Number of asset objects unloaded after import = 17
